mode: set
fix-ticket-system/config/database.go:16.15,29.16 4 0
fix-ticket-system/config/database.go:29.16,31.3 1 0
fix-ticket-system/config/database.go:33.2,33.48 1 0
fix-ticket-system/config/database.go:37.46,39.17 2 1
fix-ticket-system/config/database.go:39.17,41.3 1 1
fix-ticket-system/config/database.go:42.2,42.14 1 1
fix-ticket-system/models/ticket.go:42.62,54.2 2 1
fix-ticket-system/metrics/metrics.go:58.45,59.30 1 1
fix-ticket-system/metrics/metrics.go:59.30,61.17 2 1
fix-ticket-system/metrics/metrics.go:61.17,63.4 1 0
fix-ticket-system/metrics/metrics.go:65.3,70.88 5 1
fix-ticket-system/main.go:20.13,22.40 1 0
fix-ticket-system/main.go:22.40,24.3 1 0
fix-ticket-system/main.go:27.2,43.44 7 0
fix-ticket-system/main.go:43.44,45.3 1 0
fix-ticket-system/main.go:49.43,51.45 1 1
fix-ticket-system/main.go:51.45,55.3 1 1
fix-ticket-system/main.go:58.2,62.2 3 1
fix-ticket-system/main.go:62.2,65.3 2 1
fix-ticket-system/main.go:65.3,71.4 5 1
fix-ticket-system/main.go:76.35,83.49 2 1
fix-ticket-system/main.go:83.49,87.3 3 0
fix-ticket-system/main.go:89.2,90.16 2 1
fix-ticket-system/main.go:90.16,93.3 2 0
fix-ticket-system/main.go:95.2,95.36 1 1
fix-ticket-system/main.go:98.33,100.16 2 1
fix-ticket-system/main.go:100.16,103.3 2 1
fix-ticket-system/main.go:105.2,105.32 1 1
fix-ticket-system/main.go:108.32,110.16 2 1
fix-ticket-system/main.go:110.16,114.3 3 1
fix-ticket-system/main.go:116.2,117.16 2 1
fix-ticket-system/main.go:117.16,120.3 2 1
fix-ticket-system/main.go:122.2,122.31 1 1
fix-ticket-system/main.go:125.35,127.16 2 1
fix-ticket-system/main.go:127.16,131.3 3 1
fix-ticket-system/main.go:133.2,141.49 2 1
fix-ticket-system/main.go:141.49,145.3 3 0
fix-ticket-system/main.go:147.2,148.16 2 1
fix-ticket-system/main.go:148.16,151.3 2 1
fix-ticket-system/main.go:153.2,153.31 1 1
fix-ticket-system/main.go:156.35,158.16 2 1
fix-ticket-system/main.go:158.16,162.3 3 1
fix-ticket-system/main.go:164.2,164.55 1 1
fix-ticket-system/main.go:164.55,167.3 2 1
fix-ticket-system/main.go:169.2,169.72 1 1
fix-ticket-system/repository/ticket_repository.go:15.46,19.2 1 1
fix-ticket-system/repository/ticket_repository.go:21.64,23.2 1 1
fix-ticket-system/repository/ticket_repository.go:25.74,28.16 3 1
fix-ticket-system/repository/ticket_repository.go:28.16,30.3 1 1
fix-ticket-system/repository/ticket_repository.go:31.2,31.21 1 1
fix-ticket-system/repository/ticket_repository.go:34.62,38.2 3 1
fix-ticket-system/repository/ticket_repository.go:40.64,42.2 1 1
fix-ticket-system/repository/ticket_repository.go:44.55,46.2 1 1
fix-ticket-system/service/ticket_service.go:16.40,20.2 1 0
fix-ticket-system/service/ticket_service.go:32.100,34.46 2 1
fix-ticket-system/service/ticket_service.go:34.46,37.3 2 0
fix-ticket-system/service/ticket_service.go:38.2,40.20 3 1
fix-ticket-system/service/ticket_service.go:43.73,45.16 2 1
fix-ticket-system/service/ticket_service.go:45.16,48.3 2 1
fix-ticket-system/service/ticket_service.go:49.2,50.20 2 1
fix-ticket-system/service/ticket_service.go:53.66,55.16 2 1
fix-ticket-system/service/ticket_service.go:55.16,58.3 2 0
fix-ticket-system/service/ticket_service.go:59.2,60.21 2 1
fix-ticket-system/service/ticket_service.go:63.170,65.16 2 1
fix-ticket-system/service/ticket_service.go:65.16,68.3 2 1
fix-ticket-system/service/ticket_service.go:71.2,80.46 8 1
fix-ticket-system/service/ticket_service.go:80.46,83.3 2 0
fix-ticket-system/service/ticket_service.go:86.2,88.20 3 1
fix-ticket-system/service/ticket_service.go:91.58,93.16 2 1
fix-ticket-system/service/ticket_service.go:93.16,96.3 2 1
fix-ticket-system/service/ticket_service.go:98.2,98.42 1 1
fix-ticket-system/service/ticket_service.go:98.42,101.3 2 0
fix-ticket-system/service/ticket_service.go:104.2,106.12 3 1
